{"name": "Проверка на появление всплывающего окна при клике на ингредиент", "status": "broken", "statusDetails": {"message": "selenium.common.exceptions.TimeoutException: Message:", "trace": "self = <tests.test_main_page.TestMainPage object at 0x0000025BCD399D50>\ndriver = <selenium.webdriver.chrome.webdriver.WebDriver (session=\"1129c1dab328c050e5cc14ded1d7acfe\")>\n\n    @allure.title('Проверка на появление всплывающего окна при клике на ингредиент')\n    def test_popup_of_ingredient(self, driver):\n        page = MainPage(driver)\n        page.click_on_crator_bun()\n>       text = page.get_ingredient_details()\n\ntests\\test_main_page.py:12: \n_ _ _ _ _ _ _ _ _ _ _ _ _ _ _ _ _ _ _ _ _ _ _ _ _ _ _ _ _ _ _ _ _ _ _ _ _ _ _ _ _ _ _ _ _ _ _ _ _ _ _ _ _ _ _ _ _ _ _ _ _ _ _ _ _ _ _ _ _ _ _ _ _ _ _ _ _ _ _ _ _ _ _ _ _ _\npages\\main_page.py:58: in get_ingredient_details\n    self.check_invisibility(MainPageLocators.INGREDIENT_DETAILS_POPUP)\npages\\base_page.py:44: in check_invisibility\n    return WebDriverWait(self.driver, 10).until(expected_conditions.invisibility_of_element(locator))\n_ _ _ _ _ _ _ _ _ _ _ _ _ _ _ _ _ _ _ _ _ _ _ _ _ _ _ _ _ _ _ _ _ _ _ _ _ _ _ _ _ _ _ _ _ _ _ _ _ _ _ _ _ _ _ _ _ _ _ _ _ _ _ _ _ _ _ _ _ _ _ _ _ _ _ _ _ _ _ _ _ _ _ _ _ _\n\nself = <selenium.webdriver.support.wait.WebDriverWait (session=\"1129c1dab328c050e5cc14ded1d7acfe\")>\nmethod = <function invisibility_of_element_located.<locals>._predicate at 0x0000025BCD3F53A0>, message = ''\n\n    def until(self, method: Callable[[D], Union[Literal[False], T]], message: str = \"\") -> T:\n        \"\"\"Calls the method provided with the driver as an argument until the \\\n        return value does not evaluate to ``False``.\n    \n        :param method: callable(WebDriver)\n        :param message: optional message for :exc:`TimeoutException`\n        :returns: the result of the last call to `method`\n        :raises: :exc:`selenium.common.exceptions.TimeoutException` if timeout occurs\n        \"\"\"\n        screen = None\n        stacktrace = None\n    \n        end_time = time.monotonic() + self._timeout\n        while True:\n            try:\n                value = method(self._driver)\n                if value:\n                    return value\n            except self._ignored_exceptions as exc:\n                screen = getattr(exc, \"screen\", None)\n                stacktrace = getattr(exc, \"stacktrace\", None)\n            time.sleep(self._poll)\n            if time.monotonic() > end_time:\n                break\n>       raise TimeoutException(message, screen, stacktrace)\nE       selenium.common.exceptions.TimeoutException: Message:\n\nqa_python\\Lib\\site-packages\\selenium\\webdriver\\support\\wait.py:105: TimeoutException"}, "steps": [{"name": "Клик на ингредиент \"Краторная булка\"", "status": "passed", "steps": [{"name": "Переместиться до элемента и кликнуть", "status": "passed", "parameters": [{"name": "locator", "value": "('xpath', '//*[@href=\"/ingredient/61c0c5a71d1f82001bdaaa6c\"]')"}], "start": 1705329043588, "stop": 1705329043882}], "start": 1705329043588, "stop": 1705329043882}, {"name": "Проверить скрытость деталей ингредиентов", "status": "broken", "statusDetails": {"message": "selenium.common.exceptions.TimeoutException: Message: \n\n", "trace": "  File \"C:\\Users\\Hp\\PycharmProjects\\Diplom_3\\qa_python\\Lib\\site-packages\\allure_commons\\_allure.py\", line 192, in impl\n    return func(*a, **kw)\n           ^^^^^^^^^^^^^^\n  File \"C:\\Users\\Hp\\PycharmProjects\\Diplom_3\\pages\\main_page.py\", line 58, in get_ingredient_details\n    self.check_invisibility(MainPageLocators.INGREDIENT_DETAILS_POPUP)\n  File \"C:\\Users\\Hp\\PycharmProjects\\Diplom_3\\qa_python\\Lib\\site-packages\\allure_commons\\_allure.py\", line 192, in impl\n    return func(*a, **kw)\n           ^^^^^^^^^^^^^^\n  File \"C:\\Users\\Hp\\PycharmProjects\\Diplom_3\\pages\\base_page.py\", line 44, in check_invisibility\n    return WebDriverWait(self.driver, 10).until(expected_conditions.invisibility_of_element(locator))\n           ^^^^^^^^^^^^^^^^^^^^^^^^^^^^^^^^^^^^^^^^^^^^^^^^^^^^^^^^^^^^^^^^^^^^^^^^^^^^^^^^^^^^^^^^^^\n  File \"C:\\Users\\Hp\\PycharmProjects\\Diplom_3\\qa_python\\Lib\\site-packages\\selenium\\webdriver\\support\\wait.py\", line 105, in until\n    raise TimeoutException(message, screen, stacktrace)\n"}, "steps": [{"name": "Проверить невидимость элемента", "status": "broken", "statusDetails": {"message": "selenium.common.exceptions.TimeoutException: Message: \n\n", "trace": "  File \"C:\\Users\\Hp\\PycharmProjects\\Diplom_3\\qa_python\\Lib\\site-packages\\allure_commons\\_allure.py\", line 192, in impl\n    return func(*a, **kw)\n           ^^^^^^^^^^^^^^\n  File \"C:\\Users\\Hp\\PycharmProjects\\Diplom_3\\pages\\base_page.py\", line 44, in check_invisibility\n    return WebDriverWait(self.driver, 10).until(expected_conditions.invisibility_of_element(locator))\n           ^^^^^^^^^^^^^^^^^^^^^^^^^^^^^^^^^^^^^^^^^^^^^^^^^^^^^^^^^^^^^^^^^^^^^^^^^^^^^^^^^^^^^^^^^^\n  File \"C:\\Users\\Hp\\PycharmProjects\\Diplom_3\\qa_python\\Lib\\site-packages\\selenium\\webdriver\\support\\wait.py\", line 105, in until\n    raise TimeoutException(message, screen, stacktrace)\n"}, "parameters": [{"name": "locator", "value": "('xpath', '//h2[text()=\"Детали ингредиента\"]')"}], "start": 1705329043882, "stop": 1705329054259}], "start": 1705329043882, "stop": 1705329054260}], "attachments": [{"name": "log", "source": "a62ee153-3fa2-4bf0-a475-d133bf586602-attachment.txt", "type": "text/plain"}], "parameters": [{"name": "driver", "value": "'chrome'"}], "start": 1705329043588, "stop": 1705329054260, "uuid": "3d2175bb-ed51-4166-871c-2f488372cd9d", "historyId": "9892f9aaf6c3024bd2fe1390ea901a14", "testCaseId": "c44fa72c01eb52252951e63922d55a06", "fullName": "tests.test_main_page.TestMainPage#test_popup_of_ingredient", "labels": [{"name": "parentSuite", "value": "tests"}, {"name": "suite", "value": "test_main_page"}, {"name": "subSuite", "value": "TestMainPage"}, {"name": "host", "value": "LAPTOP-EMEFLSN2"}, {"name": "thread", "value": "17096-MainThread"}, {"name": "framework", "value": "pytest"}, {"name": "language", "value": "cpython3"}, {"name": "package", "value": "tests.test_main_page"}]}